C:\Program Files (x86)\Microsoft Visual Studio\2019\Community\MSBuild\Microsoft\VC\v160\Microsoft.CppBuild.targets(505,5): warning MSB8004: Output Directory does not end with a trailing slash.  This build instance will add the slash as it is required to allow proper evaluation of the Output Directory.
  DataArchive.cpp
D:\00_Programming\DischargeOptimizer_1.6.1\DataArchive.cpp(53,29): warning C4244: 'argument': conversion from 'double' to '_Ty', possible loss of data
          with
          [
              _Ty=int
          ]
D:\00_Programming\DischargeOptimizer_1.6.1\DataArchive.cpp(60,29): warning C4244: 'argument': conversion from 'double' to '_Ty', possible loss of data
          with
          [
              _Ty=int
          ]
D:\00_Programming\DischargeOptimizer_1.6.1\DataArchive.cpp(66,34): warning C4244: 'argument': conversion from 'double' to '_Ty', possible loss of data
          with
          [
              _Ty=int
          ]
D:\00_Programming\DischargeOptimizer_1.6.1\DataArchive.cpp(76,35): warning C4244: 'argument': conversion from 'double' to '_Ty', possible loss of data
          with
          [
              _Ty=int
          ]
D:\00_Programming\DischargeOptimizer_1.6.1\DataArchive.cpp(95,9): warning C4244: 'argument': conversion from '__int64' to '_Ty', possible loss of data
          with
          [
              _Ty=int
          ]
D:\00_Programming\DischargeOptimizer_1.6.1\DataArchive.cpp(102,9): warning C4244: 'argument': conversion from '__int64' to '_Ty', possible loss of data
          with
          [
              _Ty=int
          ]
D:\00_Programming\DischargeOptimizer_1.6.1\DataArchive.cpp(211,34): warning C4244: '=': conversion from '__int64' to 'int', possible loss of data
D:\00_Programming\DischargeOptimizer_1.6.1\DataArchive.cpp(213,37): warning C4244: '=': conversion from '__int64' to 'int', possible loss of data
D:\00_Programming\DischargeOptimizer_1.6.1\DataArchive.cpp(215,39): warning C4244: '=': conversion from '__int64' to 'int', possible loss of data
D:\00_Programming\DischargeOptimizer_1.6.1\DataArchive.cpp(219,33): warning C4244: '=': conversion from '__int64' to 'int', possible loss of data
D:\00_Programming\DischargeOptimizer_1.6.1\DataArchive.cpp(221,36): warning C4244: '=': conversion from '__int64' to 'int', possible loss of data
D:\00_Programming\DischargeOptimizer_1.6.1\DataArchive.cpp(223,38): warning C4244: '=': conversion from '__int64' to 'int', possible loss of data
  DataProcessor.cpp
D:\00_Programming\DischargeOptimizer_1.6.1\libpqxx_x64-windows\include\pqxx\field.hxx(334,5): warning C5051: attribute 'unlikely' requires at least '/std:c++latest'; ignored
D:\00_Programming\DischargeOptimizer_1.6.1\libpqxx_x64-windows\include\pqxx\field.hxx(372,5): warning C5051: attribute 'unlikely' requires at least '/std:c++latest'; ignored
D:\00_Programming\DischargeOptimizer_1.6.1\libpqxx_x64-windows\include\pqxx\pipeline.hxx(194,5): warning C5051: attribute 'unlikely' requires at least '/std:c++latest'; ignored
D:\00_Programming\DischargeOptimizer_1.6.1\DataProcessor.cpp(157,2): warning C4456: declaration of 'i' hides previous local declaration
D:\00_Programming\DischargeOptimizer_1.6.1\DataProcessor.cpp(97,6): message : see declaration of 'i'
D:\00_Programming\DischargeOptimizer_1.6.1\DataProcessor.cpp(165,2): warning C4456: declaration of 'i' hides previous local declaration
D:\00_Programming\DischargeOptimizer_1.6.1\DataProcessor.cpp(97,6): message : see declaration of 'i'
D:\00_Programming\DischargeOptimizer_1.6.1\DataProcessor.cpp(372,25): warning C4267: 'initializing': conversion from 'size_t' to 'int', possible loss of data
D:\00_Programming\DischargeOptimizer_1.6.1\DataProcessor.cpp(376,44): warning C4267: 'initializing': conversion from 'size_t' to 'int', possible loss of data
  LinearPredictionModel.cpp
D:\00_Programming\DischargeOptimizer_1.6.1\LinearPredictionModel.cpp(131,41): warning C4267: '=': conversion from 'size_t' to 'int', possible loss of data
D:\00_Programming\DischargeOptimizer_1.6.1\LinearPredictionModel.cpp(168,39): warning C4244: '=': conversion from 'double' to 'int', possible loss of data
D:\00_Programming\DischargeOptimizer_1.6.1\LinearPredictionModel.cpp(241,42): warning C4267: '=': conversion from 'size_t' to 'int', possible loss of data
  LinearRegression.cpp
D:\00_Programming\DischargeOptimizer_1.6.1\eigen-3.4.0\Eigen\src\Core\arch\Default\Half.h(1,1): warning C4819: The file contains a character that cannot be represented in the current code page (949). Save the file in Unicode format to prevent data loss
D:\00_Programming\DischargeOptimizer_1.6.1\eigen-3.4.0\Eigen\src\Core\arch\Default\BFloat16.h(1,1): warning C4819: The file contains a character that cannot be represented in the current code page (949). Save the file in Unicode format to prevent data loss
D:\00_Programming\DischargeOptimizer_1.6.1\eigen-3.4.0\Eigen\src\Core\arch\Default\GenericPacketMathFunctions.h(676,1): warning C4819: The file contains a character that cannot be represented in the current code page (949). Save the file in Unicode format to prevent data loss
D:\00_Programming\DischargeOptimizer_1.6.1\eigen-3.4.0\Eigen\src\Core\products\GeneralBlockPanelKernel.h(2063,1): warning C4819: The file contains a character that cannot be represented in the current code page (949). Save the file in Unicode format to prevent data loss
  ModelTrainToolBox.cpp
D:\00_Programming\DischargeOptimizer_1.6.1\libpqxx_x64-windows\include\pqxx\field.hxx(334,5): warning C5051: attribute 'unlikely' requires at least '/std:c++latest'; ignored
D:\00_Programming\DischargeOptimizer_1.6.1\libpqxx_x64-windows\include\pqxx\field.hxx(372,5): warning C5051: attribute 'unlikely' requires at least '/std:c++latest'; ignored
D:\00_Programming\DischargeOptimizer_1.6.1\libpqxx_x64-windows\include\pqxx\pipeline.hxx(194,5): warning C5051: attribute 'unlikely' requires at least '/std:c++latest'; ignored
D:\00_Programming\DischargeOptimizer_1.6.1\eigen-3.4.0\Eigen\src\Core\arch\Default\Half.h(1,1): warning C4819: The file contains a character that cannot be represented in the current code page (949). Save the file in Unicode format to prevent data loss
D:\00_Programming\DischargeOptimizer_1.6.1\eigen-3.4.0\Eigen\src\Core\arch\Default\BFloat16.h(1,1): warning C4819: The file contains a character that cannot be represented in the current code page (949). Save the file in Unicode format to prevent data loss
D:\00_Programming\DischargeOptimizer_1.6.1\eigen-3.4.0\Eigen\src\Core\arch\Default\GenericPacketMathFunctions.h(676,1): warning C4819: The file contains a character that cannot be represented in the current code page (949). Save the file in Unicode format to prevent data loss
D:\00_Programming\DischargeOptimizer_1.6.1\eigen-3.4.0\Eigen\src\Core\products\GeneralBlockPanelKernel.h(2063,1): warning C4819: The file contains a character that cannot be represented in the current code page (949). Save the file in Unicode format to prevent data loss
D:\00_Programming\DischargeOptimizer_1.6.1\ModelTrainToolBox.cpp(137,42): warning C4100: 'train_interpolation': unreferenced formal parameter
D:\00_Programming\DischargeOptimizer_1.6.1\ModelTrainToolBox.cpp(206,74): warning C4267: 'initializing': conversion from 'size_t' to 'int', possible loss of data
D:\00_Programming\DischargeOptimizer_1.6.1\ModelTrainToolBox.cpp(196,42): warning C4100: 'train_interpolation': unreferenced formal parameter
  NmOptimizer.cpp
D:\00_Programming\DischargeOptimizer_1.6.1\libpqxx_x64-windows\include\pqxx\field.hxx(334,5): warning C5051: attribute 'unlikely' requires at least '/std:c++latest'; ignored
D:\00_Programming\DischargeOptimizer_1.6.1\libpqxx_x64-windows\include\pqxx\field.hxx(372,5): warning C5051: attribute 'unlikely' requires at least '/std:c++latest'; ignored
D:\00_Programming\DischargeOptimizer_1.6.1\libpqxx_x64-windows\include\pqxx\pipeline.hxx(194,5): warning C5051: attribute 'unlikely' requires at least '/std:c++latest'; ignored
D:\00_Programming\DischargeOptimizer_1.6.1\NmOptimizer.cpp(13,51): warning C4267: '=': conversion from 'size_t' to 'int', possible loss of data
D:\00_Programming\DischargeOptimizer_1.6.1\NmOptimizer.cpp(354,43): warning C4267: 'initializing': conversion from 'size_t' to 'int', possible loss of data
  OptimalDischargeComputer.cpp
D:\00_Programming\DischargeOptimizer_1.6.1\libpqxx_x64-windows\include\pqxx\field.hxx(334,5): warning C5051: attribute 'unlikely' requires at least '/std:c++latest'; ignored
D:\00_Programming\DischargeOptimizer_1.6.1\libpqxx_x64-windows\include\pqxx\field.hxx(372,5): warning C5051: attribute 'unlikely' requires at least '/std:c++latest'; ignored
D:\00_Programming\DischargeOptimizer_1.6.1\libpqxx_x64-windows\include\pqxx\pipeline.hxx(194,5): warning C5051: attribute 'unlikely' requires at least '/std:c++latest'; ignored
  PostgreSQLConnector.cpp
D:\00_Programming\DischargeOptimizer_1.6.1\libpqxx_x64-windows\include\pqxx\field.hxx(334,5): warning C5051: attribute 'unlikely' requires at least '/std:c++latest'; ignored
D:\00_Programming\DischargeOptimizer_1.6.1\libpqxx_x64-windows\include\pqxx\field.hxx(372,5): warning C5051: attribute 'unlikely' requires at least '/std:c++latest'; ignored
D:\00_Programming\DischargeOptimizer_1.6.1\libpqxx_x64-windows\include\pqxx\pipeline.hxx(194,5): warning C5051: attribute 'unlikely' requires at least '/std:c++latest'; ignored
D:\00_Programming\DischargeOptimizer_1.6.1\PostgreSQLConnector.cpp(11,13): warning C4267: 'argument': conversion from 'size_t' to 'int', possible loss of data
D:\00_Programming\DischargeOptimizer_1.6.1\PostgreSQLConnector.cpp(15,81): warning C4267: 'argument': conversion from 'size_t' to 'int', possible loss of data
D:\00_Programming\DischargeOptimizer_1.6.1\PostgreSQLConnector.cpp(66,25): warning C4457: declaration of 'column' hides function parameter
D:\00_Programming\DischargeOptimizer_1.6.1\PostgreSQLConnector.cpp(51,48): message : see declaration of 'column'
  PredPointCoupledModel.cpp
  PythonNCreader.cpp
  Main.cpp
D:\00_Programming\DischargeOptimizer_1.6.1\libpqxx_x64-windows\include\pqxx\field.hxx(334,5): warning C5051: attribute 'unlikely' requires at least '/std:c++latest'; ignored
D:\00_Programming\DischargeOptimizer_1.6.1\libpqxx_x64-windows\include\pqxx\field.hxx(372,5): warning C5051: attribute 'unlikely' requires at least '/std:c++latest'; ignored
D:\00_Programming\DischargeOptimizer_1.6.1\libpqxx_x64-windows\include\pqxx\pipeline.hxx(194,5): warning C5051: attribute 'unlikely' requires at least '/std:c++latest'; ignored
D:\00_Programming\DischargeOptimizer_1.6.1\eigen-3.4.0\Eigen\src\Core\arch\Default\Half.h(1,1): warning C4819: The file contains a character that cannot be represented in the current code page (949). Save the file in Unicode format to prevent data loss
D:\00_Programming\DischargeOptimizer_1.6.1\eigen-3.4.0\Eigen\src\Core\arch\Default\BFloat16.h(1,1): warning C4819: The file contains a character that cannot be represented in the current code page (949). Save the file in Unicode format to prevent data loss
D:\00_Programming\DischargeOptimizer_1.6.1\eigen-3.4.0\Eigen\src\Core\arch\Default\GenericPacketMathFunctions.h(676,1): warning C4819: The file contains a character that cannot be represented in the current code page (949). Save the file in Unicode format to prevent data loss
D:\00_Programming\DischargeOptimizer_1.6.1\eigen-3.4.0\Eigen\src\Core\products\GeneralBlockPanelKernel.h(2063,1): warning C4819: The file contains a character that cannot be represented in the current code page (949). Save the file in Unicode format to prevent data loss
D:\00_Programming\DischargeOptimizer_1.6.1\Main.cpp(91,36): warning C4459: declaration of 'g_dataprocessor' hides global declaration
D:\00_Programming\DischargeOptimizer_1.6.1\Main.cpp(15,16): message : see declaration of 'g_dataprocessor'
  ReservoirPredictionModel.cpp
D:\00_Programming\DischargeOptimizer_1.6.1\ReservoirPredictionModel.cpp(46,39): warning C4244: '=': conversion from 'double' to 'int', possible loss of data
  Generating Code...
D:\00_Programming\DischargeOptimizer_1.6.1\ReservoirPredictionModel.cpp(235): warning C4715: 'ReservoirPredictionModel::CalculateReservoirLevel': not all control paths return a value
D:\00_Programming\DischargeOptimizer_1.6.1\DamCorrelation.h(44): warning C4715: 'Seomjin::GetVolume': not all control paths return a value
D:\00_Programming\DischargeOptimizer_1.6.1\DamCorrelation.h(82): warning C4715: 'Juam::GetVolume': not all control paths return a value
  DischargeOptimizer.vcxproj -> D:\00_Programming\DischargeOptimizer_1.6.1\bin\Debug\DischargeOptimizer.exe
